Using pre-set license
Built from '2021.3/staging' branch; Version is '2021.3.3f1 (af2e63e8f9bd) revision 11480675'; Using compiler version '192829333'; Build Type 'Release'
OS: 'Windows 11  (10.0.22000) 64bit CoreSingleLanguage' Language: 'en' Physical Memory: 16122 MB
BatchMode: 1, IsHumanControllingUs: 0, StartBugReporterOnCrash: 0, Is64bit: 1, IsPro: 1

COMMAND LINE ARGUMENTS:
C:\Program Files\Unity\Hub\Editor\2021.3.3f1\Editor\Unity.exe
-adb2
-batchMode
-noUpm
-name
AssetImportWorker1
-projectPath
C:/Users/dell/My project
-logFile
Logs/AssetImportWorker1.log
-srvPort
14284
Successfully changed project path to: C:/Users/dell/My project
C:/Users/dell/My project
[UnityMemory] Configuration Parameters - Can be set up in boot.config
    "memorysetup-bucket-allocator-granularity=16"
    "memorysetup-bucket-allocator-bucket-count=8"
    "memorysetup-bucket-allocator-block-size=33554432"
    "memorysetup-bucket-allocator-block-count=8"
    "memorysetup-main-allocator-block-size=16777216"
    "memorysetup-thread-allocator-block-size=16777216"
    "memorysetup-gfx-main-allocator-block-size=16777216"
    "memorysetup-gfx-thread-allocator-block-size=16777216"
    "memorysetup-cache-allocator-block-size=4194304"
    "memorysetup-typetree-allocator-block-size=2097152"
    "memorysetup-profiler-bucket-allocator-granularity=16"
    "memorysetup-profiler-bucket-allocator-bucket-count=8"
    "memorysetup-profiler-bucket-allocator-block-size=33554432"
    "memorysetup-profiler-bucket-allocator-block-count=8"
    "memorysetup-profiler-allocator-block-size=16777216"
    "memorysetup-profiler-editor-allocator-block-size=1048576"
    "memorysetup-temp-allocator-size-main=16777216"
    "memorysetup-job-temp-allocator-block-size=2097152"
    "memorysetup-job-temp-allocator-block-size-background=1048576"
    "memorysetup-job-temp-allocator-reduction-small-platforms=262144"
    "memorysetup-temp-allocator-size-background-worker=32768"
    "memorysetup-temp-allocator-size-job-worker=262144"
    "memorysetup-temp-allocator-size-preload-manager=33554432"
    "memorysetup-temp-allocator-size-nav-mesh-worker=65536"
    "memorysetup-temp-allocator-size-audio-worker=65536"
    "memorysetup-temp-allocator-size-cloud-worker=32768"
    "memorysetup-temp-allocator-size-gi-baking-worker=262144"
    "memorysetup-temp-allocator-size-gfx=262144"
Refreshing native plugins compatible for Editor in 106.97 ms, found 3 plugins.
Preloading 0 native plugins for Editor in 0.00 ms.
Initialize engine version: 2021.3.3f1 (af2e63e8f9bd)
[Subsystems] Discovering subsystems at path C:/Program Files/Unity/Hub/Editor/2021.3.3f1/Editor/Data/Resources/UnitySubsystems
[Subsystems] Discovering subsystems at path C:/Users/dell/My project/Assets
GfxDevice: creating device client; threaded=0; jobified=0
Direct3D:
    Version:  Direct3D 11.0 [level 11.1]
    Renderer: Intel(R) Iris(R) Xe Graphics (ID=0x9a49)
    Vendor:   Intel
    VRAM:     8061 MB
    Driver:   27.20.100.9664
Initialize mono
Mono path[0] = 'C:/Program Files/Unity/Hub/Editor/2021.3.3f1/Editor/Data/Managed'
Mono path[1] = 'C:/Program Files/Unity/Hub/Editor/2021.3.3f1/Editor/Data/MonoBleedingEdge/lib/mono/unityjit-win32'
Mono config path = 'C:/Program Files/Unity/Hub/Editor/2021.3.3f1/Editor/Data/MonoBleedingEdge/etc'
Using monoOptions --debugger-agent=transport=dt_socket,embedding=1,server=y,suspend=n,address=127.0.0.1:56484
Begin MonoManager ReloadAssembly
Registering precompiled unity dll's ...
Register platform support module: C:/Program Files/Unity/Hub/Editor/2021.3.3f1/Editor/Data/PlaybackEngines/WindowsStandaloneSupport/UnityEditor.WindowsStandalone.Extensions.dll
Registered in 0.005550 seconds.
Native extension for WindowsStandalone target not found
Refreshing native plugins compatible for Editor in 116.46 ms, found 3 plugins.
Preloading 0 native plugins for Editor in 0.00 ms.
Mono: successfully reloaded assembly
- Completed reload, in  0.696 seconds
Domain Reload Profiling:
	ReloadAssembly (697ms)
		BeginReloadAssembly (69ms)
			ExecutionOrderSort (0ms)
			DisableScriptedObjects (0ms)
			BackupInstance (0ms)
			ReleaseScriptingObjects (0ms)
			CreateAndSetChildDomain (1ms)
		EndReloadAssembly (511ms)
			LoadAssemblies (68ms)
			RebuildTransferFunctionScriptingTraits (0ms)
			SetupTypeCache (137ms)
			ReleaseScriptCaches (0ms)
			RebuildScriptCaches (24ms)
			SetupLoadedEditorAssemblies (290ms)
				LogAssemblyErrors (0ms)
				InitializePlatformSupportModulesInManaged (8ms)
				SetLoadedEditorAssemblies (0ms)
				RefreshPlugins (117ms)
				BeforeProcessingInitializeOnLoad (2ms)
				ProcessInitializeOnLoadAttributes (121ms)
				ProcessInitializeOnLoadMethodAttributes (42ms)
				AfterProcessingInitializeOnLoad (0ms)
				EditorAssembliesLoaded (0ms)
			ExecutionOrderSort2 (0ms)
			AwakeInstancesAfterBackupRestoration (0ms)
Platform modules already initialized, skipping
Registering precompiled user dll's ...
Registered in 0.009465 seconds.
Begin MonoManager ReloadAssembly
Symbol file LoadedFromMemory doesn't match image C:\Users\dell\My project\Library\PackageCache\com.unity.visualscripting@1.7.6\Editor\VisualScripting.Core\Dependencies\YamlDotNet\Unity.VisualScripting.YamlDotNet.dll
Symbol file LoadedFromMemory doesn't match image C:\Users\dell\My project\Library\PackageCache\com.unity.visualscripting@1.7.6\Editor\VisualScripting.Core\Dependencies\DotNetZip\Unity.VisualScripting.IonicZip.dll
Native extension for WindowsStandalone target not found
Refreshing native plugins compatible for Editor in 0.85 ms, found 3 plugins.
Preloading 0 native plugins for Editor in 0.00 ms.
Mono: successfully reloaded assembly
- Completed reload, in  1.197 seconds
Domain Reload Profiling:
	ReloadAssembly (1197ms)
		BeginReloadAssembly (100ms)
			ExecutionOrderSort (0ms)
			DisableScriptedObjects (5ms)
			BackupInstance (0ms)
			ReleaseScriptingObjects (0ms)
			CreateAndSetChildDomain (19ms)
		EndReloadAssembly (972ms)
			LoadAssemblies (81ms)
			RebuildTransferFunctionScriptingTraits (0ms)
			SetupTypeCache (331ms)
			ReleaseScriptCaches (1ms)
			RebuildScriptCaches (70ms)
			SetupLoadedEditorAssemblies (442ms)
				LogAssemblyErrors (0ms)
				InitializePlatformSupportModulesInManaged (5ms)
				SetLoadedEditorAssemblies (0ms)
				RefreshPlugins (1ms)
				BeforeProcessingInitializeOnLoad (129ms)
				ProcessInitializeOnLoadAttributes (265ms)
				ProcessInitializeOnLoadMethodAttributes (36ms)
				AfterProcessingInitializeOnLoad (5ms)
				EditorAssembliesLoaded (0ms)
			ExecutionOrderSort2 (0ms)
			AwakeInstancesAfterBackupRestoration (7ms)
Platform modules already initialized, skipping
========================================================================
Worker process is ready to serve import requests
Launched and connected shader compiler UnityShaderCompiler.exe after 0.05 seconds

=================================================================
	Native Crash Reporting
=================================================================
Got a UNKNOWN while executing native code. This usually indicates
a fatal error in the mono runtime or one of the native libraries 
used by your application.
=================================================================

=================================================================
	Managed Stacktrace:
=================================================================
=================================================================
Received signal SIGSEGV
Obtained 46 stack frames
0x00007ff846588c2c (igd10iumd64) OpenAdapter10_2
0x00007ff846585e5f (igd10iumd64) OpenAdapter10_2
0x00007ff846585c7d (igd10iumd64) OpenAdapter10_2
0x00007ff8464b20d3 (igd10iumd64) OpenAdapter10_2
0x00007ff84650332f (igd10iumd64) OpenAdapter10_2
0x00007ff8463c4978 (igd10iumd64) 
0x00007ff8463c48ca (igd10iumd64) 
0x00007ff8463c5569 (igd10iumd64) 
0x00007ff84645fdd1 (igd10iumd64) 
0x00007ff849d42a96 (d3d11) D3D11CoreRegisterLayers
0x00007ff849d4d811 (d3d11) D3D11CoreRegisterLayers
0x00007ff849d4d42d (d3d11) D3D11CoreRegisterLayers
0x00007ff849d36b12 (d3d11) D3D11CoreRegisterLayers
0x00007ff849d2a42a (d3d11) D3D11CoreRegisterLayers
0x00007ff849d2aaa2 (d3d11) D3D11CoreRegisterLayers
0x00007ff849d424aa (d3d11) D3D11CoreRegisterLayers
0x00007ff849d42405 (d3d11) D3D11CoreRegisterLayers
0x00007ff849d421d8 (d3d11) D3D11CoreRegisterLayers
0x00007ff6c3a1fa98 (Unity) D3D11VertexShader::Create
0x00007ff6c3a1aff8 (Unity) D3D11VertexShader::D3D11VertexShader
0x00007ff6c3827b7c (Unity) CreateGpuProgram
0x00007ff6c3ab7c45 (Unity) GfxDeviceClient::CreateGpuProgram
0x00007ff6c36c28cd (Unity) ShaderLab::SubProgram::Compile
0x00007ff6c4399c63 (Unity) FinalizeVariant
0x00007ff6c439bf88 (Unity) GetSubProgramForShaderSnippet
0x00007ff6c36c2ff0 (Unity) ShaderLab::Program::CompileShaderSubProgram
0x00007ff6c36c3ff3 (Unity) ShaderLab::Program::GetMatchingSubProgram
0x00007ff6c36ca4ac (Unity) ShaderLab::ShaderState::FindSubProgramsToUse
0x00007ff6c36be367 (Unity) ShaderLab::Pass::PrepareVariant
0x00007ff6c36adb1b (Unity) ShaderVariantCollection::WarmupOneShaderImpl
0x00007ff6c36ae39a (Unity) ShaderVariantCollection::WarmupShadersImpl
0x00007ff6c43a5796 (Unity) WarmupEditorShaders
0x00007ff6c501dd9e (Unity) Shader::ReloadAllShaders
0x00007ff6c4cca5ed (Unity) <lambda_869edb64a32e7d8c8f796914a670ead3>::operator()
0x00007ff6c4d09c22 (Unity) asio::detail::completion_handler<core::mutable_function<void __cdecl(void)>,asio::io_context::basic_executor_type<std::allocator<void>,0> >::do_complete
0x00007ff6c4cf620e (Unity) asio::detail::win_iocp_io_context::do_one
0x00007ff6c4cf7ece (Unity) asio::detail::win_iocp_io_context::run
0x00007ff6c4d0829e (Unity) IOService::Run
0x00007ff6c4cdb32f (Unity) AssetImportWorkerClient::Run
0x00007ff6c4ca5bf3 (Unity) RunAssetImportWorkerClientV2
0x00007ff6c4ca5c7b (Unity) RunAssetImporterV2
0x00007ff6c44cfb94 (Unity) Application::InitializeProject
0x00007ff6c492b118 (Unity) WinMain
0x00007ff6c5c5ab6e (Unity) __scrt_common_main_seh
0x00007ff8517854e0 (KERNEL32) BaseThreadInitThunk
0x00007ff85228485b (ntdll) RtlUserThreadStart

